<?xml version="1.0" encoding="UTF-8"?>
<!-- Generated by org.testng.reporters.JUnitXMLReporter -->
<testsuite ignored="0" hostname="Madhuri" failures="1" tests="1" name="TestName 1" time="27.834" errors="0"
           timestamp="2024-11-20T13:01:45 IST">
    <testcase classname="util.SampleTest1" name="@AfterTest afterTest" time="2.738">
        <failure type="java.lang.NullPointerException">
            <![CDATA[java.lang.NullPointerException
at com.wings.utils.Common.clickElement(Common.java:86)
at com.wings.pages.AppLogin.logout(AppLogin.java:66)
at util.SampleTest1.afterTest(SampleTest1.java:31)
at com.intellij.rt.testng.IDEARemoteTestNG.run(IDEARemoteTestNG.java:65)
at com.intellij.rt.testng.RemoteTestNGStarter.main(RemoteTestNGStarter.java:105)
... Removed 21 stack frames]]>
        </failure>
    </testcase> <!-- @AfterTest afterTest -->
    <testcase classname="util.SampleTest1" name="accountBalance" time="1.395">
        <failure type="java.lang.NullPointerException">
            <![CDATA[java.lang.NullPointerException
at com.wings.utils.Common.clickElement(Common.java:86)
at com.wings.pages.finance.reports.Balances.AccountBalances.accountBalanceReport(AccountBalances.java:20)
at util.SampleTest1.accountBalance(SampleTest1.java:26)
at java.base/java.util.ArrayList.forEach(ArrayList.java:1541)
at com.intellij.rt.testng.IDEARemoteTestNG.run(IDEARemoteTestNG.java:65)
at com.intellij.rt.testng.RemoteTestNGStarter.main(RemoteTestNGStarter.java:105)
... Removed 24 stack frames]]>
        </failure>
    </testcase> <!-- accountBalance -->
</testsuite> <!-- TestName 1 -->
